# JRE version: Java(TM) SE Runtime Environment 18.9 (11.0.17+10) (build 11.0.17+10-LTS-269)
# Java VM: Java HotSpot(TM) 64-Bit Server VM 18.9 (11.0.17+10-LTS-269, mixed mode, tiered, compressed oops, g1 gc, windows-amd64)
Heap:
 garbage-first heap   total 131072K, used 56038K [0x0000000080000000, 0x0000000100000000)
  region size 1024K, 36 young (36864K), 4 survivors (4096K)
 Metaspace       used 38189K, capacity 39089K, committed 39344K, reserved 550912K
  class space    used 4907K, capacity 5293K, committed 5376K, reserved 516096K
GC Heap History (10 events):
Event: 334.047 GC heap before
{Heap before GC invocations=13 (full 0):
 garbage-first heap   total 131072K, used 33214K [0x0000000080000000, 0x0000000100000000)
  region size 1024K, 14 young (14336K), 1 survivors (1024K)
 Metaspace       used 25337K, capacity 25884K, committed 25904K, reserved 538624K
  class space    used 3243K, capacity 3451K, committed 3456K, reserved 516096K
}
Event: 334.051 GC heap after
{Heap after GC invocations=14 (full 0):
 garbage-first heap   total 131072K, used 20391K [0x0000000080000000, 0x0000000100000000)
  region size 1024K, 2 young (2048K), 2 survivors (2048K)
 Metaspace       used 25337K, capacity 25884K, committed 25904K, reserved 538624K
  class space    used 3243K, capacity 3451K, committed 3456K, reserved 516096K
}
Event: 337.425 GC heap before
{Heap before GC invocations=14 (full 0):
 garbage-first heap   total 131072K, used 35751K [0x0000000080000000, 0x0000000100000000)
  region size 1024K, 17 young (17408K), 2 survivors (2048K)
 Metaspace       used 27234K, capacity 27918K, committed 28080K, reserved 540672K
  class space    used 3529K, capacity 3775K, committed 3840K, reserved 516096K
}
Event: 337.434 GC heap after
{Heap after GC invocations=15 (full 0):
 garbage-first heap   total 131072K, used 21153K [0x0000000080000000, 0x0000000100000000)
  region size 1024K, 3 young (3072K), 3 survivors (3072K)
 Metaspace       used 27234K, capacity 27918K, committed 28080K, reserved 540672K
  class space    used 3529K, capacity 3775K, committed 3840K, reserved 516096K
}
Event: 341.291 GC heap before
{Heap before GC invocations=15 (full 0):
 garbage-first heap   total 131072K, used 39585K [0x0000000080000000, 0x0000000100000000)
  region size 1024K, 21 young (21504K), 3 survivors (3072K)
 Metaspace       used 28608K, capacity 29315K, committed 29616K, reserved 542720K
  class space    used 3758K, capacity 4028K, committed 4096K, reserved 516096K
}
Event: 341.299 GC heap after
{Heap after GC invocations=16 (full 0):
 garbage-first heap   total 131072K, used 21695K [0x0000000080000000, 0x0000000100000000)
  region size 1024K, 2 young (2048K), 2 survivors (2048K)
 Metaspace       used 28608K, capacity 29315K, committed 29616K, reserved 542720K
  class space    used 3758K, capacity 4028K, committed 4096K, reserved 516096K
}
Event: 343.261 GC heap before
{Heap before GC invocations=16 (full 0):
 garbage-first heap   total 131072K, used 44223K [0x0000000080000000, 0x0000000100000000)
  region size 1024K, 24 young (24576K), 2 survivors (2048K)
 Metaspace       used 30611K, capacity 31407K, committed 31536K, reserved 544768K
  class space    used 4071K, capacity 4365K, committed 4480K, reserved 516096K
}
Event: 343.272 GC heap after
{Heap after GC invocations=17 (full 0):
 garbage-first heap   total 131072K, used 22522K [0x0000000080000000, 0x0000000100000000)
  region size 1024K, 3 young (3072K), 3 survivors (3072K)
 Metaspace       used 30611K, capacity 31407K, committed 31536K, reserved 544768K
  class space    used 4071K, capacity 4365K, committed 4480K, reserved 516096K
}
Event: 347.471 GC heap before
{Heap before GC invocations=17 (full 0):
 garbage-first heap   total 131072K, used 39930K [0x0000000080000000, 0x0000000100000000)
  region size 1024K, 21 young (21504K), 3 survivors (3072K)
 Metaspace       used 34954K, capacity 35778K, committed 35920K, reserved 548864K
  class space    used 4512K, capacity 4847K, committed 4864K, reserved 516096K
}
Event: 347.484 GC heap after
{Heap after GC invocations=18 (full 0):
 garbage-first heap   total 131072K, used 24294K [0x0000000080000000, 0x0000000100000000)
  region size 1024K, 4 young (4096K), 4 survivors (4096K)
 Metaspace       used 34954K, capacity 35778K, committed 35920K, reserved 548864K
  class space    used 4512K, capacity 4847K, committed 4864K, reserved 516096K
}

